<?xml version="1.0" encoding="UTF-8" ?>
<testsuite errors="0" failures="1" hostname="Desktop-pc" name="com.testcases.TestCsv" skipped="0" tests="3" time="0.097" timestamp="2015-09-17T06:02:22">
  <properties>
    <property name="ant.project.invoked-targets" value="run" />
    <property name="java.runtime.name" value="Java(TM) SE Runtime Environment" />
    <property name="sun.boot.library.path" value="C:\Program Files\Java\jdk1.8.0_60\jre\bin" />
    <property name="java.vm.version" value="25.60-b23" />
    <property name="ant.library.dir" value="C:\Users\Family\Downloads\Michael\apache-ant-1.9.6\lib" />
    <property name="ant.version" value="Apache Ant(TM) version 1.9.6 compiled on June 29 2015" />
    <property name="ant.java.version" value="1.8" />
    <property name="java.vm.vendor" value="Oracle Corporation" />
    <property name="java.vendor.url" value="http://java.oracle.com/" />
    <property name="path.separator" value=";" />
    <property name="java.vm.name" value="Java HotSpot(TM) 64-Bit Server VM" />
    <property name="file.encoding.pkg" value="sun.io" />
    <property name="user.script" value="" />
    <property name="user.country" value="US" />
    <property name="sun.java.launcher" value="SUN_STANDARD" />
    <property name="sun.os.patch.level" value="" />
    <property name="java.vm.specification.name" value="Java Virtual Machine Specification" />
    <property name="user.dir" value="C:\Users\Family\Projects\Junit\ant" />
    <property name="ant.file.Junit Test" value="C:\Users\Family\Projects\Junit\ant\build.xml" />
    <property name="java.runtime.version" value="1.8.0_60-b27" />
    <property name="java.awt.graphicsenv" value="sun.awt.Win32GraphicsEnvironment" />
    <property name="basedir" value="C:\Users\Family\Projects\Junit\ant" />
    <property name="java.endorsed.dirs" value="C:\Program Files\Java\jdk1.8.0_60\jre\lib\endorsed" />
    <property name="os.arch" value="amd64" />
    <property name="ant.project.default-target" value="run" />
    <property name="java.io.tmpdir" value="C:\WINDOWS\TEMP\" />
    <property name="ant.core.lib" value="C:\Users\Family\Downloads\Michael\apache-ant-1.9.6\lib\ant.jar" />
    <property name="line.separator" value="&#xd;&#xa;" />
    <property name="java.vm.specification.vendor" value="Oracle Corporation" />
    <property name="user.variant" value="" />
    <property name="os.name" value="Windows 10" />
    <property name="ant.home" value="C:\Users\Family\Downloads\Michael\apache-ant-1.9.6" />
    <property name="ant.project.name" value="Junit Test" />
    <property name="sun.jnu.encoding" value="Cp1252" />
    <property name="java.library.path" value="C:\Program Files\Java\jdk1.8.0_60\bin;C:\WINDOWS\Sun\Java\bin;C:\WINDOWS\system32;C:\WINDOWS;C:\Program Files\Java\jdk1.8.0_60/bin;C:\Program Files\Java\jdk1.8.0_60/bin;C:\ProgramData\Oracle\Java\javapath;c:\Program Files (x86)\AMD APP\bin\x86_64;c:\Program Files (x86)\AMD APP\bin\x86;C:\WINDOWS\system32;C:\WINDOWS;C:\WINDOWS\System32\Wbem;C:\WINDOWS\System32\WindowsPowerShell\v1.0\;c:\Program Files (x86)\ATI Technologies\ATI.ACE\Core-Static;C:\Program Files (x86)\Windows Live\Shared;C:\Program Files (x86)\QuickTime\QTSystem\;C:\Program Files\Microsoft SQL Server\120\Tools\Binn\;C:\Program Files\Microsoft SQL Server\Client SDK\ODBC\110\Tools\Binn\;C:\Program Files (x86)\Microsoft SQL Server\120\Tools\Binn\;C:\Program Files\Microsoft SQL Server\120\DTS\Binn\;C:\Program Files (x86)\Microsoft SQL Server\120\Tools\Binn\ManagementStudio\;C:\Program Files (x86)\Microsoft SQL Server\120\DTS\Binn\;;." />
    <property name="java.class.version" value="52.0" />
    <property name="java.specification.name" value="Java Platform API Specification" />
    <property name="sun.management.compiler" value="HotSpot 64-Bit Tiered Compilers" />
    <property name="os.version" value="10.0" />
    <property name="ant.file" value="C:\Users\Family\Projects\Junit\ant\build.xml" />
    <property name="user.home" value="C:\WINDOWS\system32\config\systemprofile" />
    <property name="user.timezone" value="" />
    <property name="java.awt.printerjob" value="sun.awt.windows.WPrinterJob" />
    <property name="file.encoding" value="Cp1252" />
    <property name="java.specification.version" value="1.8" />
    <property name="user.name" value="DESKTOP-PC$" />
    <property name="java.class.path" value="C:\Users\Family\Downloads\Michael\apache-ant-1.9.6\lib\ant-launcher.jar;C:\Users\Family\Projects\Junit\ant\.\;C:\Users\Family\Downloads\Michael\hamcrest-core-1.3.jar;C:\Users\Family\Downloads\Michael\junit-4.12.jar;C:\Users\Family\Projects\Junit\lib\CodeMapper Api\CodeMapper.jar;C:\Users\Family\Projects\Junit\lib\javacsv-2.0.jar;C:\Users\Family\Projects\Junit\lib\sqljdbc42.jar;C:\Users\Family\Downloads\Michael\apache-ant-1.9.6\lib\ant-antlr.jar;C:\Users\Family\Downloads\Michael\apache-ant-1.9.6\lib\ant-apache-bcel.jar;C:\Users\Family\Downloads\Michael\apache-ant-1.9.6\lib\ant-apache-bsf.jar;C:\Users\Family\Downloads\Michael\apache-ant-1.9.6\lib\ant-apache-log4j.jar;C:\Users\Family\Downloads\Michael\apache-ant-1.9.6\lib\ant-apache-oro.jar;C:\Users\Family\Downloads\Michael\apache-ant-1.9.6\lib\ant-apache-regexp.jar;C:\Users\Family\Downloads\Michael\apache-ant-1.9.6\lib\ant-apache-resolver.jar;C:\Users\Family\Downloads\Michael\apache-ant-1.9.6\lib\ant-apache-xalan2.jar;C:\Users\Family\Downloads\Michael\apache-ant-1.9.6\lib\ant-commons-logging.jar;C:\Users\Family\Downloads\Michael\apache-ant-1.9.6\lib\ant-commons-net.jar;C:\Users\Family\Downloads\Michael\apache-ant-1.9.6\lib\ant-jai.jar;C:\Users\Family\Downloads\Michael\apache-ant-1.9.6\lib\ant-javamail.jar;C:\Users\Family\Downloads\Michael\apache-ant-1.9.6\lib\ant-jdepend.jar;C:\Users\Family\Downloads\Michael\apache-ant-1.9.6\lib\ant-jmf.jar;C:\Users\Family\Downloads\Michael\apache-ant-1.9.6\lib\ant-jsch.jar;C:\Users\Family\Downloads\Michael\apache-ant-1.9.6\lib\ant-junit.jar;C:\Users\Family\Downloads\Michael\apache-ant-1.9.6\lib\ant-junit4.jar;C:\Users\Family\Downloads\Michael\apache-ant-1.9.6\lib\ant-launcher.jar;C:\Users\Family\Downloads\Michael\apache-ant-1.9.6\lib\ant-netrexx.jar;C:\Users\Family\Downloads\Michael\apache-ant-1.9.6\lib\ant-swing.jar;C:\Users\Family\Downloads\Michael\apache-ant-1.9.6\lib\ant-testutil.jar;C:\Users\Family\Downloads\Michael\apache-ant-1.9.6\lib\ant.jar;C:\Program Files\Java\jdk1.8.0_60\lib\tools.jar" />
    <property name="java.vm.specification.version" value="1.8" />
    <property name="sun.java.command" value="org.apache.tools.ant.launch.Launcher -cp .;C:\Users\Family\Downloads\Michael\hamcrest-core-1.3.jar;C:\Users\Family\Downloads\Michael\junit-4.12.jar;C:\Users\Family\Projects\Junit\lib\CodeMapper Api\CodeMapper.jar;C:\Users\Family\Projects\Junit\lib\javacsv-2.0.jar;C:\Users\Family\Projects\Junit\lib\sqljdbc42.jar -file build.xml run" />
    <property name="java.home" value="C:\Program Files\Java\jdk1.8.0_60\jre" />
    <property name="sun.arch.data.model" value="64" />
    <property name="java.specification.vendor" value="Oracle Corporation" />
    <property name="user.language" value="en" />
    <property name="awt.toolkit" value="sun.awt.windows.WToolkit" />
    <property name="java.vm.info" value="mixed mode" />
    <property name="java.version" value="1.8.0_60" />
    <property name="java.ext.dirs" value="C:\Program Files\Java\jdk1.8.0_60\jre\lib\ext;C:\WINDOWS\Sun\Java\lib\ext" />
    <property name="sun.boot.class.path" value="C:\Program Files\Java\jdk1.8.0_60\jre\lib\resources.jar;C:\Program Files\Java\jdk1.8.0_60\jre\lib\rt.jar;C:\Program Files\Java\jdk1.8.0_60\jre\lib\sunrsasign.jar;C:\Program Files\Java\jdk1.8.0_60\jre\lib\jsse.jar;C:\Program Files\Java\jdk1.8.0_60\jre\lib\jce.jar;C:\Program Files\Java\jdk1.8.0_60\jre\lib\charsets.jar;C:\Program Files\Java\jdk1.8.0_60\jre\lib\jfr.jar;C:\Program Files\Java\jdk1.8.0_60\jre\classes" />
    <property name="java.vendor" value="Oracle Corporation" />
    <property name="file.separator" value="\" />
    <property name="java.vendor.url.bug" value="http://bugreport.sun.com/bugreport/" />
    <property name="sun.cpu.endian" value="little" />
    <property name="sun.io.unicode.encoding" value="UnicodeLittle" />
    <property name="ant.file.type.Junit Test" value="file" />
    <property name="ant.file.type" value="file" />
    <property name="sun.desktop" value="windows" />
    <property name="sun.cpu.isalist" value="amd64" />
  </properties>
  <testcase classname="com.testcases.TestCsv" name="testCase" time="0.0" />
  <testcase classname="com.testcases.TestCsv" name="testIsoCode" time="0.045">
    <failure message="expected:&lt;[]Kwanza&gt; but was:&lt;[a]Kwanza&gt;" type="junit.framework.AssertionFailedError">junit.framework.AssertionFailedError: expected:&lt;[]Kwanza&gt; but was:&lt;[a]Kwanza&gt;
	at com.testcases.TestCsv.testIsoCode(Unknown Source)
</failure>
  </testcase>
  <testcase classname="com.testcases.TestCsv" name="testNumCode" time="0.001" />
  <system-out><![CDATA[/C:/Users/Family/Projects/Junit/ant/bin/./
/C:/Users/Family/Projects/Junit/ant/bin/./
Path : C:\currencycodes.xml
]]></system-out>
  <system-err><![CDATA[]]></system-err>
</testsuite>
