<?xml version="1.0" encoding="UTF-8" ?>
<testsuite errors="2" failures="0" hostname="Desktop-pc" name="com.testcases.TestCsv" skipped="0" tests="3" time="0.055" timestamp="2015-09-11T06:09:02">
  <properties>
    <property name="ant.project.invoked-targets" value="run" />
    <property name="java.runtime.name" value="Java(TM) SE Runtime Environment" />
    <property name="sun.boot.library.path" value="C:\Program Files\Java\jdk1.8.0_60\jre\bin" />
    <property name="java.vm.version" value="25.60-b23" />
    <property name="ant.library.dir" value="C:\Users\Family\Downloads\Michael\apache-ant-1.9.6\lib" />
    <property name="ant.version" value="Apache Ant(TM) version 1.9.6 compiled on June 29 2015" />
    <property name="ant.java.version" value="1.8" />
    <property name="java.vm.vendor" value="Oracle Corporation" />
    <property name="java.vendor.url" value="http://java.oracle.com/" />
    <property name="path.separator" value=";" />
    <property name="java.vm.name" value="Java HotSpot(TM) 64-Bit Server VM" />
    <property name="file.encoding.pkg" value="sun.io" />
    <property name="user.script" value="" />
    <property name="user.country" value="US" />
    <property name="sun.java.launcher" value="SUN_STANDARD" />
    <property name="sun.os.patch.level" value="" />
    <property name="java.vm.specification.name" value="Java Virtual Machine Specification" />
    <property name="user.dir" value="C:\Users\Family\Projects\Junit\ant" />
    <property name="ant.file.Junit Test" value="C:\Users\Family\Projects\Junit\ant\build.xml" />
    <property name="java.runtime.version" value="1.8.0_60-b27" />
    <property name="java.awt.graphicsenv" value="sun.awt.Win32GraphicsEnvironment" />
    <property name="basedir" value="C:\Users\Family\Projects\Junit\ant" />
    <property name="java.endorsed.dirs" value="C:\Program Files\Java\jdk1.8.0_60\jre\lib\endorsed" />
    <property name="os.arch" value="amd64" />
    <property name="ant.project.default-target" value="run" />
    <property name="java.io.tmpdir" value="C:\WINDOWS\TEMP\" />
    <property name="ant.core.lib" value="C:\Users\Family\Downloads\Michael\apache-ant-1.9.6\lib\ant.jar" />
    <property name="line.separator" value="&#xd;&#xa;" />
    <property name="java.vm.specification.vendor" value="Oracle Corporation" />
    <property name="user.variant" value="" />
    <property name="os.name" value="Windows 10" />
    <property name="ant.home" value="C:\Users\Family\Downloads\Michael\apache-ant-1.9.6" />
    <property name="ant.project.name" value="Junit Test" />
    <property name="sun.jnu.encoding" value="Cp1252" />
    <property name="java.library.path" value="C:\Program Files\Java\jdk1.8.0_60\bin;C:\WINDOWS\Sun\Java\bin;C:\WINDOWS\system32;C:\WINDOWS;C:\Program Files\Java\jdk1.8.0_60/bin;C:\Program Files\Java\jdk1.8.0_60/bin;C:\ProgramData\Oracle\Java\javapath;c:\Program Files (x86)\AMD APP\bin\x86_64;c:\Program Files (x86)\AMD APP\bin\x86;C:\WINDOWS\system32;C:\WINDOWS;C:\WINDOWS\System32\Wbem;C:\WINDOWS\System32\WindowsPowerShell\v1.0\;c:\Program Files (x86)\ATI Technologies\ATI.ACE\Core-Static;C:\Program Files (x86)\Windows Live\Shared;C:\Program Files (x86)\QuickTime\QTSystem\;C:\Program Files\Microsoft SQL Server\120\Tools\Binn\;C:\Program Files\Microsoft SQL Server\Client SDK\ODBC\110\Tools\Binn\;C:\Program Files (x86)\Microsoft SQL Server\120\Tools\Binn\;C:\Program Files\Microsoft SQL Server\120\DTS\Binn\;C:\Program Files (x86)\Microsoft SQL Server\120\Tools\Binn\ManagementStudio\;C:\Program Files (x86)\Microsoft SQL Server\120\DTS\Binn\;;." />
    <property name="java.class.version" value="52.0" />
    <property name="java.specification.name" value="Java Platform API Specification" />
    <property name="sun.management.compiler" value="HotSpot 64-Bit Tiered Compilers" />
    <property name="os.version" value="10.0" />
    <property name="ant.file" value="C:\Users\Family\Projects\Junit\ant\build.xml" />
    <property name="user.home" value="C:\WINDOWS\system32\config\systemprofile" />
    <property name="user.timezone" value="" />
    <property name="java.awt.printerjob" value="sun.awt.windows.WPrinterJob" />
    <property name="file.encoding" value="Cp1252" />
    <property name="java.specification.version" value="1.8" />
    <property name="user.name" value="DESKTOP-PC$" />
    <property name="java.class.path" value="C:\Users\Family\Downloads\Michael\apache-ant-1.9.6\lib\ant-launcher.jar;C:\Users\Family\Projects\Junit\ant\.\;C:\Users\Family\Downloads\Michael\hamcrest-core-1.3.jar;C:\Users\Family\Downloads\Michael\junit-4.12.jar;C:\Users\Family\Projects\Junit\lib\CodeMapper Api\CodeMapper.jar;C:\Users\Family\Projects\Junit\lib\javacsv-2.0.jar;C:\Users\Family\Projects\Junit\lib\sqljdbc42.jar;C:\Users\Family\Downloads\Michael\apache-ant-1.9.6\lib\ant-antlr.jar;C:\Users\Family\Downloads\Michael\apache-ant-1.9.6\lib\ant-apache-bcel.jar;C:\Users\Family\Downloads\Michael\apache-ant-1.9.6\lib\ant-apache-bsf.jar;C:\Users\Family\Downloads\Michael\apache-ant-1.9.6\lib\ant-apache-log4j.jar;C:\Users\Family\Downloads\Michael\apache-ant-1.9.6\lib\ant-apache-oro.jar;C:\Users\Family\Downloads\Michael\apache-ant-1.9.6\lib\ant-apache-regexp.jar;C:\Users\Family\Downloads\Michael\apache-ant-1.9.6\lib\ant-apache-resolver.jar;C:\Users\Family\Downloads\Michael\apache-ant-1.9.6\lib\ant-apache-xalan2.jar;C:\Users\Family\Downloads\Michael\apache-ant-1.9.6\lib\ant-commons-logging.jar;C:\Users\Family\Downloads\Michael\apache-ant-1.9.6\lib\ant-commons-net.jar;C:\Users\Family\Downloads\Michael\apache-ant-1.9.6\lib\ant-jai.jar;C:\Users\Family\Downloads\Michael\apache-ant-1.9.6\lib\ant-javamail.jar;C:\Users\Family\Downloads\Michael\apache-ant-1.9.6\lib\ant-jdepend.jar;C:\Users\Family\Downloads\Michael\apache-ant-1.9.6\lib\ant-jmf.jar;C:\Users\Family\Downloads\Michael\apache-ant-1.9.6\lib\ant-jsch.jar;C:\Users\Family\Downloads\Michael\apache-ant-1.9.6\lib\ant-junit.jar;C:\Users\Family\Downloads\Michael\apache-ant-1.9.6\lib\ant-junit4.jar;C:\Users\Family\Downloads\Michael\apache-ant-1.9.6\lib\ant-launcher.jar;C:\Users\Family\Downloads\Michael\apache-ant-1.9.6\lib\ant-netrexx.jar;C:\Users\Family\Downloads\Michael\apache-ant-1.9.6\lib\ant-swing.jar;C:\Users\Family\Downloads\Michael\apache-ant-1.9.6\lib\ant-testutil.jar;C:\Users\Family\Downloads\Michael\apache-ant-1.9.6\lib\ant.jar;C:\Program Files\Java\jdk1.8.0_60\lib\tools.jar" />
    <property name="java.vm.specification.version" value="1.8" />
    <property name="sun.java.command" value="org.apache.tools.ant.launch.Launcher -cp .;C:\Users\Family\Downloads\Michael\hamcrest-core-1.3.jar;C:\Users\Family\Downloads\Michael\junit-4.12.jar;C:\Users\Family\Projects\Junit\lib\CodeMapper Api\CodeMapper.jar;C:\Users\Family\Projects\Junit\lib\javacsv-2.0.jar;C:\Users\Family\Projects\Junit\lib\sqljdbc42.jar -file build.xml run" />
    <property name="java.home" value="C:\Program Files\Java\jdk1.8.0_60\jre" />
    <property name="sun.arch.data.model" value="64" />
    <property name="java.specification.vendor" value="Oracle Corporation" />
    <property name="user.language" value="en" />
    <property name="awt.toolkit" value="sun.awt.windows.WToolkit" />
    <property name="java.vm.info" value="mixed mode" />
    <property name="java.version" value="1.8.0_60" />
    <property name="java.ext.dirs" value="C:\Program Files\Java\jdk1.8.0_60\jre\lib\ext;C:\WINDOWS\Sun\Java\lib\ext" />
    <property name="sun.boot.class.path" value="C:\Program Files\Java\jdk1.8.0_60\jre\lib\resources.jar;C:\Program Files\Java\jdk1.8.0_60\jre\lib\rt.jar;C:\Program Files\Java\jdk1.8.0_60\jre\lib\sunrsasign.jar;C:\Program Files\Java\jdk1.8.0_60\jre\lib\jsse.jar;C:\Program Files\Java\jdk1.8.0_60\jre\lib\jce.jar;C:\Program Files\Java\jdk1.8.0_60\jre\lib\charsets.jar;C:\Program Files\Java\jdk1.8.0_60\jre\lib\jfr.jar;C:\Program Files\Java\jdk1.8.0_60\jre\classes" />
    <property name="java.vendor" value="Oracle Corporation" />
    <property name="file.separator" value="\" />
    <property name="java.vendor.url.bug" value="http://bugreport.sun.com/bugreport/" />
    <property name="sun.cpu.endian" value="little" />
    <property name="sun.io.unicode.encoding" value="UnicodeLittle" />
    <property name="ant.file.type.Junit Test" value="file" />
    <property name="ant.file.type" value="file" />
    <property name="sun.desktop" value="windows" />
    <property name="sun.cpu.isalist" value="amd64" />
  </properties>
  <testcase classname="com.testcases.TestCsv" name="testCase" time="0.0" />
  <testcase classname="com.testcases.TestCsv" name="testIsoCode" time="0.005">
    <error type="java.lang.NullPointerException">java.lang.NullPointerException
	at com.testcases.TestCsv.testIsoCode(Unknown Source)
</error>
  </testcase>
  <testcase classname="com.testcases.TestCsv" name="testNumCode" time="0.0">
    <error type="java.lang.NullPointerException">java.lang.NullPointerException
	at com.testcases.TestCsv.testNumCode(Unknown Source)
</error>
  </testcase>
  <system-out><![CDATA[/C:/Users/Family/Projects/Junit/ant/lib/./
]]></system-out>
  <system-err><![CDATA[java.io.FileNotFoundException: File /C:/Users/Family/Projects/Junit/ant/lib/./com\resources\data.csv does not exist.
	at com.csvreader.CsvReader.<init>(Unknown Source)
	at com.csvreader.CsvReader.<init>(Unknown Source)
	at com.csvreader.CsvReader.<init>(Unknown Source)
	at com.testcases.TestCsv.setUp(Unknown Source)
	at sun.reflect.NativeMethodAccessorImpl.invoke0(Native Method)
	at sun.reflect.NativeMethodAccessorImpl.invoke(NativeMethodAccessorImpl.java:62)
	at sun.reflect.DelegatingMethodAccessorImpl.invoke(DelegatingMethodAccessorImpl.java:43)
	at java.lang.reflect.Method.invoke(Method.java:497)
	at org.junit.runners.model.FrameworkMethod$1.runReflectiveCall(FrameworkMethod.java:50)
	at org.junit.internal.runners.model.ReflectiveCallable.run(ReflectiveCallable.java:12)
	at org.junit.runners.model.FrameworkMethod.invokeExplosively(FrameworkMethod.java:47)
	at org.junit.internal.runners.statements.RunBefores.evaluate(RunBefores.java:24)
	at org.junit.internal.runners.statements.RunAfters.evaluate(RunAfters.java:27)
	at org.junit.runners.ParentRunner.run(ParentRunner.java:363)
	at junit.framework.JUnit4TestAdapter.run(JUnit4TestAdapter.java:38)
	at org.apache.tools.ant.taskdefs.optional.junit.JUnitTestRunner.run(JUnitTestRunner.java:535)
	at org.apache.tools.ant.taskdefs.optional.junit.JUnitTask.executeInVM(JUnitTask.java:1621)
	at org.apache.tools.ant.taskdefs.optional.junit.JUnitTask.execute(JUnitTask.java:1021)
	at org.apache.tools.ant.taskdefs.optional.junit.JUnitTask.executeOrQueue(JUnitTask.java:2105)
	at org.apache.tools.ant.taskdefs.optional.junit.JUnitTask.execute(JUnitTask.java:832)
	at org.apache.tools.ant.UnknownElement.execute(UnknownElement.java:293)
	at sun.reflect.NativeMethodAccessorImpl.invoke0(Native Method)
	at sun.reflect.NativeMethodAccessorImpl.invoke(NativeMethodAccessorImpl.java:62)
	at sun.reflect.DelegatingMethodAccessorImpl.invoke(DelegatingMethodAccessorImpl.java:43)
	at java.lang.reflect.Method.invoke(Method.java:497)
	at org.apache.tools.ant.dispatch.DispatchUtils.execute(DispatchUtils.java:106)
	at org.apache.tools.ant.Task.perform(Task.java:348)
	at org.apache.tools.ant.Target.execute(Target.java:435)
	at org.apache.tools.ant.Target.performTasks(Target.java:456)
	at org.apache.tools.ant.Project.executeSortedTargets(Project.java:1405)
	at org.apache.tools.ant.Project.executeTarget(Project.java:1376)
	at org.apache.tools.ant.helper.DefaultExecutor.executeTargets(DefaultExecutor.java:41)
	at org.apache.tools.ant.Project.executeTargets(Project.java:1260)
	at org.apache.tools.ant.Main.runBuild(Main.java:853)
	at org.apache.tools.ant.Main.startAnt(Main.java:235)
	at org.apache.tools.ant.launch.Launcher.run(Launcher.java:285)
	at org.apache.tools.ant.launch.Launcher.main(Launcher.java:112)
]]></system-err>
</testsuite>
